<?xml version="1.0" encoding="UTF-8"?>
<!-- Generated by org.testng.reporters.JUnitReportReporter -->
<testsuite hostname="DESKTOP-VBQOST8" failures="0" tests="2" name="runner.runner_Login_1" time="0.251" errors="0" timestamp="2023-01-03T17:47:52 IST" skipped="0">
  <testcase classname="runner.runner_Login_1" name="runScenario" time="0.056"/>
  <system-out/>
  <testcase classname="runner.runner_Login_1" name="runScenario" time="0.195"/>
  <system-out/>
</testsuite> <!-- runner.runner_Login_1 -->
